#
# A fatal error has been detected by the Java Runtime Environment:
#
#  EXCEPTION_ACCESS_VIOLATION (0xc0000005) at pc=0x0000000003cb0091, pid=272, tid=0x0000000000001598
#
# JRE version: Java(TM) SE Runtime Environment (8.0_202-b08) (build 1.8.0_202-b08)
# Java VM: Java HotSpot(TM) 64-Bit Server VM (25.202-b08 mixed mode windows-amd64 compressed oops)
# Problematic frame:
# J 2077 C2 java.util.HashSet.add(Ljava/lang/Object;)Z (20 bytes) @ 0x0000000003cb0091 [0x0000000003cafba0+0x4f1]
#
# Failed to write core dump. Minidumps are not enabled by default on client versions of Windows
#
# If you would like to submit a bug report, please visit:
#   http://bugreport.java.com/bugreport/crash.jsp
#

---------------  T H R E A D  ---------------

Current thread (0x0000000016ef3800):  JavaThread "pool-2-thread-1" [_thread_in_Java, id=5528, stack(0x000000001d690000,0x000000001d790000)]

siginfo: ExceptionCode=0xc0000005, reading address 0x000000000008000c

Registers:
RAX=0x00000000e3bfc94d, RBX=0x0000000000080000, RCX=0x00000000f8547688, RDX=0x000000010002b3a0
RSP=0x000000001d78e9b0, RBP=0x00000000fae89778, RSI=0x00000000fae89778, RDI=0x00000000f8592260
R8 =0x0000000000012af2, R9 =0x00000000e3bf2af2, R10=0x00000000fae89778, R11=0x0000000020005674
R12=0x0000000000000000, R13=0x00000000fae89790, R14=0x00000000fae89778, R15=0x0000000016ef3800
RIP=0x0000000003cb0091, EFLAGS=0x0000000000010206

Top of Stack: (sp=0x000000001d78e9b0)
0x000000001d78e9b0:   00000000fae89778 00000000f608ed58
0x000000001d78e9c0:   000000001d78ea90 000000001d78ea98
0x000000001d78e9d0:   000000001d78edd8 000000000381c7ac
0x000000001d78e9e0:   00000000fae7c640 00000000f608ed58
0x000000001d78e9f0:   0000000012280000 00000000fae75938
0x000000001d78ea00:   00000000e00e1410 0000000003e0cfbc
0x000000001d78ea10:   00000000fae7c598 0000000000000000
0x000000001d78ea20:   00000000fae776a8 00000000e02584b8
0x000000001d78ea30:   e0018a28000175dc 00000000f5da34f8
0x000000001d78ea40:   00000000fae7c628 00000001000ec028
0x000000001d78ea50:   00000000e00e1420 0000000000000001
0x000000001d78ea60:   00000000fae89868 00000000e0018a28
0x000000001d78ea70:   00000000f5da35b8 00000000f608ed48
0x000000001d78ea80:   00000000fae75938 00000000fae773f8
0x000000001d78ea90:   00000000fae76cf0 00000000fae776a8
0x000000001d78eaa0:   0000000019692fa0 00000000e00030b0 

Instructions: (pc=0x0000000003cb0091)
0x0000000003cb0071:   81 10 8b 1f 41 bb 74 56 00 20 48 ba 00 00 00 00
0x0000000003cb0081:   00 00 00 00 4a 8d 14 da 85 db 0f 84 8c 02 00 00
0x0000000003cb0091:   8b 43 0c 48 8b fb 41 3b c1 0f 85 b5 00 00 00 8b
0x0000000003cb00a1:   6b 10 4c 8b c5 4d 3b c2 74 6e 4d 85 d2 0f 84 dd 


Register to memory mapping:

RAX=
[error occurred during error reporting (printing register info), id 0xc0000005]

Stack: [0x000000001d690000,0x000000001d790000],  sp=0x000000001d78e9b0,  free space=1018k
Native frames: (J=compiled Java code, j=interpreted, Vv=VM code, C=native code)
C  0x0000000003cb0091


---------------  P R O C E S S  ---------------

Java Threads: ( => current thread )
=>0x0000000016ef3800 JavaThread "pool-2-thread-1" [_thread_in_Java, id=5528, stack(0x000000001d690000,0x000000001d790000)]
  0x0000000018d84800 JavaThread "ForkJoinPool.commonPool-worker-0" daemon [_thread_blocked, id=10600, stack(0x000000001d290000,0x000000001d390000)]
  0x0000000018d81800 JavaThread "Keep-Alive-Timer" daemon [_thread_blocked, id=13740, stack(0x000000001c790000,0x000000001c890000)]
  0x000000001bc9a000 JavaThread "ForkJoinPool.commonPool-worker-5" daemon [_thread_blocked, id=11104, stack(0x000000001cb90000,0x000000001cc90000)]
  0x000000001bcb1800 JavaThread "ForkJoinPool.commonPool-worker-6" daemon [_thread_blocked, id=13564, stack(0x000000001ca90000,0x000000001cb90000)]
  0x000000001bcb1000 JavaThread "ForkJoinPool.commonPool-worker-4" daemon [_thread_blocked, id=11864, stack(0x000000001c990000,0x000000001ca90000)]
  0x000000001bcb0000 JavaThread "ForkJoinPool.commonPool-worker-3" daemon [_thread_blocked, id=8996, stack(0x000000001c890000,0x000000001c990000)]
  0x000000001a54b800 JavaThread "ForkJoinPool.commonPool-worker-1" daemon [_thread_blocked, id=1780, stack(0x000000001c410000,0x000000001c510000)]
  0x0000000016c91000 JavaThread "Service Thread" daemon [_thread_blocked, id=13232, stack(0x0000000017960000,0x0000000017a60000)]
  0x0000000016c27000 JavaThread "C1 CompilerThread3" daemon [_thread_blocked, id=14248, stack(0x0000000017860000,0x0000000017960000)]
  0x0000000016c00800 JavaThread "C2 CompilerThread2" daemon [_thread_blocked, id=13288, stack(0x0000000017760000,0x0000000017860000)]
  0x0000000016bf2800 JavaThread "C2 CompilerThread1" daemon [_thread_blocked, id=480, stack(0x0000000017660000,0x0000000017760000)]
  0x0000000016bf0000 JavaThread "C2 CompilerThread0" daemon [_thread_blocked, id=12772, stack(0x0000000017560000,0x0000000017660000)]
  0x0000000016be9800 JavaThread "Monitor Ctrl-Break" daemon [_thread_in_native, id=15832, stack(0x0000000017460000,0x0000000017560000)]
  0x0000000016b8e800 JavaThread "Attach Listener" daemon [_thread_blocked, id=14076, stack(0x0000000017350000,0x0000000017450000)]
  0x0000000016b8d800 JavaThread "Signal Dispatcher" daemon [_thread_blocked, id=7048, stack(0x0000000017250000,0x0000000017350000)]
  0x0000000016b70800 JavaThread "Finalizer" daemon [_thread_blocked, id=6020, stack(0x0000000017050000,0x0000000017150000)]
  0x0000000014d84000 JavaThread "Reference Handler" daemon [_thread_blocked, id=13364, stack(0x0000000016f50000,0x0000000017050000)]
  0x00000000032ad000 JavaThread "main" [_thread_blocked, id=12388, stack(0x0000000003170000,0x0000000003270000)]

Other Threads:
  0x0000000014d7b800 VMThread [stack: 0x0000000016a50000,0x0000000016b50000] [id=16164]
  0x0000000016d47000 WatcherThread [stack: 0x0000000017a60000,0x0000000017b60000] [id=10348]

VM state:not at safepoint (normal execution)

VM Mutex/Monitor currently owned by a thread: None

heap address: 0x00000000e0000000, size: 512 MB, Compressed Oops mode: 32-bit
Narrow klass base: 0x0000000000000000, Narrow klass shift: 3
Compressed class space size: 1073741824 Address: 0x0000000100000000

Heap:
 PSYoungGen      total 125440K, used 115036K [0x00000000f5580000, 0x0000000100000000, 0x0000000100000000)
  eden space 101888K, 89% used [0x00000000f5580000,0x00000000faedc1a0,0x00000000fb900000)
  from space 23552K, 99% used [0x00000000fe900000,0x00000000ffffb078,0x0000000100000000)
  to   space 36352K, 0% used [0x00000000fb900000,0x00000000fb900000,0x00000000fdc80000)
 ParOldGen       total 92672K, used 34654K [0x00000000e0000000, 0x00000000e5a80000, 0x00000000f5580000)
  object space 92672K, 37% used [0x00000000e0000000,0x00000000e21d7910,0x00000000e5a80000)
 Metaspace       used 35634K, capacity 36236K, committed 36528K, reserved 1081344K
  class space    used 4564K, capacity 4724K, committed 4784K, reserved 1048576K

Card table byte_map: [0x0000000012980000,0x0000000012a90000] byte_map_base: 0x0000000012280000

Marking Bits: (ParMarkBitMap*) 0x000000006cc85ce0
 Begin Bits: [0x0000000013290000, 0x0000000013a90000)
 End Bits:   [0x0000000013a90000, 0x0000000014290000)

Polling page: 0x0000000002dd0000

CodeCache: size=245760Kb used=11178Kb max_used=11178Kb free=234581Kb
 bounds [0x00000000035c0000, 0x00000000040c0000, 0x00000000125c0000]
 total_blobs=3853 nmethods=3342 adapters=423
 compilation: enabled

Compilation events (10 events):
Event: 13.032 Thread 0x0000000016c27000 3362   !   3       java.net.URL::getURLStreamHandler (313 bytes)
Event: 13.034 Thread 0x0000000016c27000 nmethod 3362 0x00000000040a4110 code [0x00000000040a4620, 0x00000000040a7938]
Event: 13.092 Thread 0x0000000016c27000 3363       3       java.nio.file.attribute.FileTime::from (18 bytes)
Event: 13.092 Thread 0x0000000016c27000 nmethod 3363 0x000000000409da10 code [0x000000000409dba0, 0x000000000409df68]
Event: 13.092 Thread 0x0000000016c27000 3364       3       java.nio.file.attribute.FileTime::<init> (21 bytes)
Event: 13.092 Thread 0x0000000016c27000 nmethod 3364 0x00000000040a0e50 code [0x00000000040a0fa0, 0x00000000040a1170]
Event: 13.092 Thread 0x0000000016c27000 3365       3       java.util.zip.ZipUtils::unixTimeToFileTime (8 bytes)
Event: 13.092 Thread 0x0000000016c27000 nmethod 3365 0x00000000040a07d0 code [0x00000000040a0940, 0x00000000040a0c90]
Event: 13.299 Thread 0x0000000016c27000 3366       1       java.util.zip.ZipEntry::getSize (5 bytes)
Event: 13.299 Thread 0x0000000016c27000 nmethod 3366 0x00000000040a0510 code [0x00000000040a0660, 0x00000000040a0770]

GC Heap History (10 events):
Event: 4.287 GC heap before
{Heap before GC invocations=10 (full 1):
 PSYoungGen      total 109056K, used 108766K [0x00000000f5580000, 0x00000000fe100000, 0x0000000100000000)
  eden space 104448K, 100% used [0x00000000f5580000,0x00000000fbb80000,0x00000000fbb80000)
  from space 4608K, 93% used [0x00000000fdc80000,0x00000000fe0b7878,0x00000000fe100000)
  to   space 7168K, 0% used [0x00000000fd300000,0x00000000fd300000,0x00000000fda00000)
 ParOldGen       total 51712K, used 4781K [0x00000000e0000000, 0x00000000e3280000, 0x00000000f5580000)
  object space 51712K, 9% used [0x00000000e0000000,0x00000000e04ab420,0x00000000e3280000)
 Metaspace       used 29875K, capacity 30216K, committed 30640K, reserved 1075200K
  class space    used 3850K, capacity 3951K, committed 4016K, reserved 1048576K
Event: 4.298 GC heap after
Heap after GC invocations=10 (full 1):
 PSYoungGen      total 135680K, used 7142K [0x00000000f5580000, 0x00000000ff400000, 0x0000000100000000)
  eden space 128512K, 0% used [0x00000000f5580000,0x00000000f5580000,0x00000000fd300000)
  from space 7168K, 99% used [0x00000000fd300000,0x00000000fd9f98e0,0x00000000fda00000)
  to   space 11264K, 0% used [0x00000000fe900000,0x00000000fe900000,0x00000000ff400000)
 ParOldGen       total 51712K, used 13374K [0x00000000e0000000, 0x00000000e3280000, 0x00000000f5580000)
  object space 51712K, 25% used [0x00000000e0000000,0x00000000e0d0fae8,0x00000000e3280000)
 Metaspace       used 29875K, capacity 30216K, committed 30640K, reserved 1075200K
  class space    used 3850K, capacity 3951K, committed 4016K, reserved 1048576K
}
Event: 11.235 GC heap before
{Heap before GC invocations=11 (full 1):
 PSYoungGen      total 135680K, used 135654K [0x00000000f5580000, 0x00000000ff400000, 0x0000000100000000)
  eden space 128512K, 100% used [0x00000000f5580000,0x00000000fd300000,0x00000000fd300000)
  from space 7168K, 99% used [0x00000000fd300000,0x00000000fd9f98e0,0x00000000fda00000)
  to   space 11264K, 0% used [0x00000000fe900000,0x00000000fe900000,0x00000000ff400000)
 ParOldGen       total 51712K, used 13374K [0x00000000e0000000, 0x00000000e3280000, 0x00000000f5580000)
  object space 51712K, 25% used [0x00000000e0000000,0x00000000e0d0fae8,0x00000000e3280000)
 Metaspace       used 33621K, capacity 34194K, committed 34480K, reserved 1079296K
  class space    used 4274K, capacity 4429K, committed 4528K, reserved 1048576K
Event: 11.246 GC heap after
Heap after GC invocations=11 (full 1):
 PSYoungGen      total 144896K, used 11232K [0x00000000f5580000, 0x0000000100000000, 0x0000000100000000)
  eden space 133632K, 0% used [0x00000000f5580000,0x00000000f5580000,0x00000000fd800000)
  from space 11264K, 99% used [0x00000000fe900000,0x00000000ff3f8080,0x00000000ff400000)
  to   space 17408K, 0% used [0x00000000fd800000,0x00000000fd800000,0x00000000fe900000)
 ParOldGen       total 51712K, used 26833K [0x00000000e0000000, 0x00000000e3280000, 0x00000000f5580000)
  object space 51712K, 51% used [0x00000000e0000000,0x00000000e1a347e0,0x00000000e3280000)
 Metaspace       used 33621K, capacity 34194K, committed 34480K, reserved 1079296K
  class space    used 4274K, capacity 4429K, committed 4528K, reserved 1048576K
}
Event: 12.015 GC heap before
{Heap before GC invocations=12 (full 1):
 PSYoungGen      total 144896K, used 144864K [0x00000000f5580000, 0x0000000100000000, 0x0000000100000000)
  eden space 133632K, 100% used [0x00000000f5580000,0x00000000fd800000,0x00000000fd800000)
  from space 11264K, 99% used [0x00000000fe900000,0x00000000ff3f8080,0x00000000ff400000)
  to   space 17408K, 0% used [0x00000000fd800000,0x00000000fd800000,0x00000000fe900000)
 ParOldGen       total 51712K, used 26833K [0x00000000e0000000, 0x00000000e3280000, 0x00000000f5580000)
  object space 51712K, 51% used [0x00000000e0000000,0x00000000e1a347e0,0x00000000e3280000)
 Metaspace       used 34428K, capacity 35012K, committed 35376K, reserved 1079296K
  class space    used 4417K, capacity 4574K, committed 4656K, reserved 1048576K
Event: 12.033 GC heap after
Heap after GC invocations=12 (full 1):
 PSYoungGen      total 151040K, used 17382K [0x00000000f5580000, 0x0000000100000000, 0x0000000100000000)
  eden space 133632K, 0% used [0x00000000f5580000,0x00000000f5580000,0x00000000fd800000)
  from space 17408K, 99% used [0x00000000fd800000,0x00000000fe8f9ad0,0x00000000fe900000)
  to   space 23552K, 0% used [0x00000000fe900000,0x00000000fe900000,0x0000000100000000)
 ParOldGen       total 51712K, used 44776K [0x00000000e0000000, 0x00000000e3280000, 0x00000000f5580000)
  object space 51712K, 86% used [0x00000000e0000000,0x00000000e2bba1e8,0x00000000e3280000)
 Metaspace       used 34428K, capacity 35012K, committed 35376K, reserved 1079296K
  class space    used 4417K, capacity 4574K, committed 4656K, reserved 1048576K
}
Event: 12.033 GC heap before
{Heap before GC invocations=13 (full 2):
 PSYoungGen      total 151040K, used 17382K [0x00000000f5580000, 0x0000000100000000, 0x0000000100000000)
  eden space 133632K, 0% used [0x00000000f5580000,0x00000000f5580000,0x00000000fd800000)
  from space 17408K, 99% used [0x00000000fd800000,0x00000000fe8f9ad0,0x00000000fe900000)
  to   space 23552K, 0% used [0x00000000fe900000,0x00000000fe900000,0x0000000100000000)
 ParOldGen       total 51712K, used 44776K [0x00000000e0000000, 0x00000000e3280000, 0x00000000f5580000)
  object space 51712K, 86% used [0x00000000e0000000,0x00000000e2bba1e8,0x00000000e3280000)
 Metaspace       used 34428K, capacity 35012K, committed 35376K, reserved 1079296K
  class space    used 4417K, capacity 4574K, committed 4656K, reserved 1048576K
Event: 12.068 GC heap after
Heap after GC invocations=13 (full 2):
 PSYoungGen      total 151040K, used 0K [0x00000000f5580000, 0x0000000100000000, 0x0000000100000000)
  eden space 133632K, 0% used [0x00000000f5580000,0x00000000f5580000,0x00000000fd800000)
  from space 17408K, 0% used [0x00000000fd800000,0x00000000fd800000,0x00000000fe900000)
  to   space 23552K, 0% used [0x00000000fe900000,0x00000000fe900000,0x0000000100000000)
 ParOldGen       total 92672K, used 17186K [0x00000000e0000000, 0x00000000e5a80000, 0x00000000f5580000)
  object space 92672K, 18% used [0x00000000e0000000,0x00000000e10c8948,0x00000000e5a80000)
 Metaspace       used 34428K, capacity 35012K, committed 35376K, reserved 1079296K
  class space    used 4417K, capacity 4574K, committed 4656K, reserved 1048576K
}
Event: 12.749 GC heap before
{Heap before GC invocations=14 (full 2):
 PSYoungGen      total 151040K, used 133632K [0x00000000f5580000, 0x0000000100000000, 0x0000000100000000)
  eden space 133632K, 100% used [0x00000000f5580000,0x00000000fd800000,0x00000000fd800000)
  from space 17408K, 0% used [0x00000000fd800000,0x00000000fd800000,0x00000000fe900000)
  to   space 23552K, 0% used [0x00000000fe900000,0x00000000fe900000,0x0000000100000000)
 ParOldGen       total 92672K, used 17186K [0x00000000e0000000, 0x00000000e5a80000, 0x00000000f5580000)
  object space 92672K, 18% used [0x00000000e0000000,0x00000000e10c8948,0x00000000e5a80000)
 Metaspace       used 35422K, capacity 35988K, committed 36272K, reserved 1081344K
  class space    used 4543K, capacity 4708K, committed 4784K, reserved 1048576K
Event: 12.769 GC heap after
Heap after GC invocations=14 (full 2):
 PSYoungGen      total 125440K, used 23532K [0x00000000f5580000, 0x0000000100000000, 0x0000000100000000)
  eden space 101888K, 0% used [0x00000000f5580000,0x00000000f5580000,0x00000000fb900000)
  from space 23552K, 99% used [0x00000000fe900000,0x00000000ffffb078,0x0000000100000000)
  to   space 36352K, 0% used [0x00000000fb900000,0x00000000fb900000,0x00000000fdc80000)
 ParOldGen       total 92672K, used 34654K [0x00000000e0000000, 0x00000000e5a80000, 0x00000000f5580000)
  object space 92672K, 37% used [0x00000000e0000000,0x00000000e21d7910,0x00000000e5a80000)
 Metaspace       used 35422K, capacity 35988K, committed 36272K, reserved 1081344K
  class space    used 4543K, capacity 4708K, committed 4784K, reserved 1048576K
}

Deoptimization events (10 events):
Event: 11.866 Thread 0x00000000032ad000 Uncommon trap: reason=class_check action=maybe_recompile pc=0x0000000003b0dff4 method=java.util.zip.InflaterInputStream.read([BII)I @ 100
Event: 11.866 Thread 0x00000000032ad000 Uncommon trap: reason=class_check action=maybe_recompile pc=0x0000000003b0dff4 method=java.util.zip.InflaterInputStream.read([BII)I @ 100
Event: 11.866 Thread 0x00000000032ad000 Uncommon trap: reason=class_check action=maybe_recompile pc=0x0000000003b0dff4 method=java.util.zip.InflaterInputStream.read([BII)I @ 100
Event: 11.977 Thread 0x00000000032ad000 Uncommon trap: reason=unstable_if action=reinterpret pc=0x0000000003c63ff0 method=java.lang.Character.isHighSurrogate(C)Z @ 3
Event: 11.977 Thread 0x00000000032ad000 Uncommon trap: reason=class_check action=maybe_recompile pc=0x0000000003e9d218 method=java.lang.AbstractStringBuilder.append(Ljava/lang/CharSequence;II)Ljava/lang/AbstractStringBuilder; @ 18
Event: 11.977 Thread 0x00000000032ad000 Uncommon trap: reason=class_check action=maybe_recompile pc=0x0000000003e9d218 method=java.lang.AbstractStringBuilder.append(Ljava/lang/CharSequence;II)Ljava/lang/AbstractStringBuilder; @ 18
Event: 11.977 Thread 0x00000000032ad000 Uncommon trap: reason=class_check action=maybe_recompile pc=0x0000000003e9d218 method=java.lang.AbstractStringBuilder.append(Ljava/lang/CharSequence;II)Ljava/lang/AbstractStringBuilder; @ 18
Event: 11.977 Thread 0x00000000032ad000 Uncommon trap: reason=class_check action=maybe_recompile pc=0x0000000003e9d218 method=java.lang.AbstractStringBuilder.append(Ljava/lang/CharSequence;II)Ljava/lang/AbstractStringBuilder; @ 18
Event: 12.807 Thread 0x00000000032ad000 Uncommon trap: reason=unstable_if action=reinterpret pc=0x0000000003e52144 method=com.google.common.collect.Iterators$5.computeNext()Ljava/lang/Object; @ 9
Event: 12.846 Thread 0x0000000016ef3800 Uncommon trap: reason=null_check action=make_not_entrant pc=0x0000000004002e6c method=java.lang.StringCoding.deref(Ljava/lang/ThreadLocal;)Ljava/lang/Object; @ 4

Classes redefined (0 events):
No events

Internal exceptions (10 events):
Event: 4.846 Thread 0x00000000032ad000 Implicit null exception at 0x0000000003d7db0b to 0x0000000003d7dbb5
Event: 11.207 Thread 0x00000000032ad000 Exception <a 'java/lang/IncompatibleClassChangeError': Found class java.lang.Object, but interface was expected> (0x00000000fcebb300) thrown at [C:\re\workspace\8-2-build-windows-amd64-cygwin\jdk8u202\12323\hotspot\src\share\vm\interpreter\linkResolver.cp
Event: 11.976 Thread 0x00000000032ad000 Exception <a 'java/lang/NoSuchMethodError': java.lang.Object.lambda$codePoints$1()Ljava/util/Spliterator$OfInt;> (0x00000000fd2d9868) thrown at [C:\re\workspace\8-2-build-windows-amd64-cygwin\jdk8u202\12323\hotspot\src\share\vm\interpreter\linkResolver.cp
Event: 12.823 Thread 0x00000000032ad000 Exception <a 'java/lang/NoSuchMethodError': java.lang.Object.lambda$comparing$ea9a8b3a$1(Ljava/util/Comparator;Ljava/util/function/Function;Ljava/lang/Object;Ljava/lang/Object;)I> (0x00000000f5a49498) thrown at [C:\re\workspace\8-2-build-windows-amd64-cyg
Event: 12.823 Thread 0x00000000032ad000 Exception <a 'java/lang/NoSuchMethodError': java.lang.Object.lambda$thenComparing$36697e65$1(Ljava/util/Comparator;Ljava/lang/Object;Ljava/lang/Object;)I> (0x00000000f5a51740) thrown at [C:\re\workspace\8-2-build-windows-amd64-cygwin\jdk8u202\12323\hotspo
Event: 12.839 Thread 0x0000000016ef3800 Exception <a 'sun/nio/fs/WindowsException'> (0x00000000f5d35b28) thrown at [C:\re\workspace\8-2-build-windows-amd64-cygwin\jdk8u202\12323\hotspot\src\share\vm\prims\jni.cpp, line 710]
Event: 12.839 Thread 0x0000000016ef3800 Exception <a 'sun/nio/fs/WindowsException'> (0x00000000f5d36518) thrown at [C:\re\workspace\8-2-build-windows-amd64-cygwin\jdk8u202\12323\hotspot\src\share\vm\prims\jni.cpp, line 710]
Event: 12.840 Thread 0x0000000016ef3800 Exception <a 'sun/nio/fs/WindowsException'> (0x00000000f5d41530) thrown at [C:\re\workspace\8-2-build-windows-amd64-cygwin\jdk8u202\12323\hotspot\src\share\vm\prims\jni.cpp, line 710]
Event: 12.840 Thread 0x0000000016ef3800 Exception <a 'sun/nio/fs/WindowsException'> (0x00000000f5d41f20) thrown at [C:\re\workspace\8-2-build-windows-amd64-cygwin\jdk8u202\12323\hotspot\src\share\vm\prims\jni.cpp, line 710]
Event: 12.846 Thread 0x0000000016ef3800 Implicit null exception at 0x00000000040001a7 to 0x0000000004002e3d

Events (10 events):
Event: 12.832 Executing VM operation: RevokeBias
Event: 12.832 Executing VM operation: RevokeBias done
Event: 12.838 loading class net/thucydides/core/statistics/service/TagProvider
Event: 12.838 loading class net/thucydides/core/statistics/service/TagProvider done
Event: 12.846 Thread 0x0000000016ef3800 Uncommon trap: trap_request=0xfffffff4 fr.pc=0x0000000004002e6c
Event: 12.846 Thread 0x0000000016ef3800 DEOPT PACKING pc=0x0000000004002e6c sp=0x000000001d78e6b0
Event: 12.846 Thread 0x0000000016ef3800 DEOPT UNPACKING pc=0x000000000360583b sp=0x000000001d78e568 mode 2
Event: 13.201 Executing VM operation: RevokeBias
Event: 13.201 Executing VM operation: RevokeBias done
Event: 13.201 Thread 0x000000001a3a8800 Thread exited: 0x000000001a3a8800


Dynamic libraries:
0x00007ff6e9820000 - 0x00007ff6e9857000 	C:\Users\sonbn2\Desktop\Automation\jdk1.8.0_202\bin\java.exe
0x00007ffdfa2e0000 - 0x00007ffdfa4d0000 	C:\Windows\SYSTEM32\ntdll.dll
0x00007ffdf9bb0000 - 0x00007ffdf9c62000 	C:\Windows\System32\KERNEL32.DLL
0x00007ffdf7400000 - 0x00007ffdf76a5000 	C:\Windows\System32\KERNELBASE.dll
0x00007ffdf87e0000 - 0x00007ffdf8883000 	C:\Windows\System32\ADVAPI32.dll
0x00007ffdf8740000 - 0x00007ffdf87de000 	C:\Windows\System32\msvcrt.dll
0x00007ffdf9d10000 - 0x00007ffdf9da7000 	C:\Windows\System32\sechost.dll
0x00007ffdf9a90000 - 0x00007ffdf9bb0000 	C:\Windows\System32\RPCRT4.dll
0x00007ffdf9890000 - 0x00007ffdf9a24000 	C:\Windows\System32\USER32.dll
0x00007ffdf80a0000 - 0x00007ffdf80c1000 	C:\Windows\System32\win32u.dll
0x00007ffdf89d0000 - 0x00007ffdf89f6000 	C:\Windows\System32\GDI32.dll
0x00007ffdf81f0000 - 0x00007ffdf8386000 	C:\Windows\System32\gdi32full.dll
0x00007ffdf8150000 - 0x00007ffdf81ee000 	C:\Windows\System32\msvcp_win.dll
0x00007ffdf7270000 - 0x00007ffdf736a000 	C:\Windows\System32\ucrtbase.dll
0x00007ffdf6690000 - 0x00007ffdf6914000 	C:\Windows\WinSxS\amd64_microsoft.windows.common-controls_6595b64144ccf1df_6.0.18362.1139_none_9e7bf2d3e4605ac6\COMCTL32.dll
0x00007ffdf8a00000 - 0x00007ffdf8d35000 	C:\Windows\System32\combase.dll
0x00007ffdf80d0000 - 0x00007ffdf8150000 	C:\Windows\System32\bcryptPrimitives.dll
0x00007ffdf9ce0000 - 0x00007ffdf9d0e000 	C:\Windows\System32\IMM32.DLL
0x00007ffdbb8b0000 - 0x00007ffdbb954000 	C:\Program Files\McAfee\Endpoint Security\Threat Prevention\Ips\EpMPApi.dll
0x00007ffdf73a0000 - 0x00007ffdf73fc000 	C:\Windows\System32\WINTRUST.dll
0x00007ffdf7250000 - 0x00007ffdf7262000 	C:\Windows\System32\MSASN1.dll
0x00007ffdf77d0000 - 0x00007ffdf7919000 	C:\Windows\System32\CRYPT32.dll
0x000000006d7a0000 - 0x000000006d7ac000 	C:\Program Files\McAfee\Endpoint Security\Threat Prevention\Ips\EpMPThe.dll
0x00007ffdbb850000 - 0x00007ffdbb8a9000 	C:\Program Files\McAfee\Endpoint Security\Threat Prevention\Ips\HIPHandlers64.dll
0x00007ffdf9a30000 - 0x00007ffdf9a82000 	C:\Windows\System32\SHLWAPI.dll
0x00007ffdf6c70000 - 0x00007ffdf6e64000 	C:\Windows\SYSTEM32\dbghelp.dll
0x00007ffdc6280000 - 0x00007ffdc6339000 	C:\Program Files\Common Files\McAfee\SystemCore\mfehcinj.dll
0x00007ffdf20a0000 - 0x00007ffdf20b0000 	C:\Program Files\Common Files\McAfee\SystemCore\mfehcthe.dll
0x00007ffdf1bb0000 - 0x00007ffdf1bdc000 	C:\Program Files\McAfee\MAR\mvcairo_x64.dll
0x000000006d6c0000 - 0x000000006d792000 	C:\Users\sonbn2\Desktop\Automation\jdk1.8.0_202\jre\bin\msvcr100.dll
0x000000006c460000 - 0x000000006cd05000 	C:\Users\sonbn2\Desktop\Automation\jdk1.8.0_202\jre\bin\server\jvm.dll
0x00007ffdf89c0000 - 0x00007ffdf89c8000 	C:\Windows\System32\PSAPI.DLL
0x00007ffdf6c60000 - 0x00007ffdf6c69000 	C:\Windows\SYSTEM32\WSOCK32.dll
0x00007ffdf9db0000 - 0x00007ffdf9e1f000 	C:\Windows\System32\WS2_32.dll
0x00007ffdf1ff0000 - 0x00007ffdf2014000 	C:\Windows\SYSTEM32\WINMM.dll
0x00007ffdf45e0000 - 0x00007ffdf45ea000 	C:\Windows\SYSTEM32\VERSION.dll
0x00007ffdf1fc0000 - 0x00007ffdf1fed000 	C:\Windows\SYSTEM32\WINMMBASE.dll
0x00007ffdf76d0000 - 0x00007ffdf771a000 	C:\Windows\System32\cfgmgr32.dll
0x00007ffdf5520000 - 0x00007ffdf552f000 	C:\Users\sonbn2\Desktop\Automation\jdk1.8.0_202\jre\bin\verify.dll
0x00007ffdf54f0000 - 0x00007ffdf5519000 	C:\Users\sonbn2\Desktop\Automation\jdk1.8.0_202\jre\bin\java.dll
0x00007ffdd8430000 - 0x00007ffdd8453000 	C:\Users\sonbn2\Desktop\Automation\jdk1.8.0_202\jre\bin\instrument.dll
0x00007ffdf54d0000 - 0x00007ffdf54e6000 	C:\Users\sonbn2\Desktop\Automation\jdk1.8.0_202\jre\bin\zip.dll
0x00007ffdf90f0000 - 0x00007ffdf97d7000 	C:\Windows\System32\SHELL32.dll
0x00007ffdf8890000 - 0x00007ffdf8939000 	C:\Windows\System32\shcore.dll
0x00007ffdf7920000 - 0x00007ffdf80a0000 	C:\Windows\System32\windows.storage.dll
0x00007ffdf71b0000 - 0x00007ffdf71d3000 	C:\Windows\System32\profapi.dll
0x00007ffdf71e0000 - 0x00007ffdf722a000 	C:\Windows\System32\powrprof.dll
0x00007ffdf71a0000 - 0x00007ffdf71b0000 	C:\Windows\System32\UMPDC.dll
0x00007ffdf7230000 - 0x00007ffdf7241000 	C:\Windows\System32\kernel.appcore.dll
0x00007ffdf76b0000 - 0x00007ffdf76c7000 	C:\Windows\System32\cryptsp.dll
0x00007ffdd8410000 - 0x00007ffdd842a000 	C:\Users\sonbn2\Desktop\Automation\ideaIC-2018.3.6.win\bin\breakgen64.dll
0x00007ffdf5460000 - 0x00007ffdf547a000 	C:\Users\sonbn2\Desktop\Automation\jdk1.8.0_202\jre\bin\net.dll
0x00007ffde2f20000 - 0x00007ffde30f6000 	C:\Windows\SYSTEM32\urlmon.dll
0x00007ffde23d0000 - 0x00007ffde2677000 	C:\Windows\SYSTEM32\iertutil.dll
0x00007ffdf65e0000 - 0x00007ffdf65ec000 	C:\Windows\SYSTEM32\CRYPTBASE.DLL
0x00007ffdf6370000 - 0x00007ffdf63d7000 	C:\Windows\system32\mswsock.dll
0x00007ffde28b0000 - 0x00007ffde28c2000 	C:\Users\sonbn2\Desktop\Automation\jdk1.8.0_202\jre\bin\nio.dll
0x00007ffdda6c0000 - 0x00007ffdda6cd000 	C:\Users\sonbn2\Desktop\Automation\jdk1.8.0_202\jre\bin\management.dll
0x00007ffdda6d0000 - 0x00007ffdda6e6000 	C:\Windows\system32\napinsp.dll
0x00007ffdda6f0000 - 0x00007ffdda70a000 	C:\Windows\system32\pnrpnsp.dll
0x00007ffdf60c0000 - 0x00007ffdf618b000 	C:\Windows\SYSTEM32\DNSAPI.dll
0x00007ffdf9e20000 - 0x00007ffdf9e28000 	C:\Windows\System32\NSI.dll
0x00007ffdf6080000 - 0x00007ffdf60ba000 	C:\Windows\SYSTEM32\IPHLPAPI.DLL
0x00007ffdda710000 - 0x00007ffdda71e000 	C:\Windows\System32\winrnr.dll
0x00007ffdf5440000 - 0x00007ffdf545c000 	C:\Windows\system32\NLAapi.dll
0x00007ffdf1fa0000 - 0x00007ffdf1fb5000 	C:\Windows\system32\wshbth.dll
0x00007ffdea8b0000 - 0x00007ffdea8ba000 	C:\Windows\System32\rasadhlp.dll
0x00007ffdf17d0000 - 0x00007ffdf1847000 	C:\Windows\System32\fwpuclnt.dll
0x00007ffdf7370000 - 0x00007ffdf7396000 	C:\Windows\System32\bcrypt.dll
0x00007ffdd83e0000 - 0x00007ffdd8404000 	C:\Users\sonbn2\Desktop\Automation\jdk1.8.0_202\jre\bin\sunec.dll
0x00007ffdf1480000 - 0x00007ffdf1496000 	C:\Windows\SYSTEM32\dhcpcsvc6.DLL
0x00007ffdf1460000 - 0x00007ffdf147c000 	C:\Windows\SYSTEM32\dhcpcsvc.DLL
0x00007ffdf5c70000 - 0x00007ffdf5ca3000 	C:\Windows\system32\rsaenh.dll
0x00007ffdf7080000 - 0x00007ffdf70a5000 	C:\Windows\SYSTEM32\USERENV.dll
0x00007ffdd8990000 - 0x00007ffdd899b000 	C:\Users\sonbn2\Desktop\Automation\jdk1.8.0_202\jre\bin\sunmscapi.dll

VM Arguments:
jvm_args: -ea -Xmx512m -Didea.test.cyclic.buffer.size=1048576 -javaagent:C:\Users\sonbn2\Desktop\Automation\ideaIC-2018.3.6.win\lib\idea_rt.jar=57894:C:\Users\sonbn2\Desktop\Automation\ideaIC-2018.3.6.win\bin -Dfile.encoding=UTF-8 
java_command: com.intellij.rt.execution.junit.JUnitStarter -ideVersion5 -junit4 features.BatterryLeasingFeature
java_class_path (initial): C:\Users\sonbn2\Desktop\Automation\ideaIC-2018.3.6.win\lib\idea_rt.jar;C:\Users\sonbn2\Desktop\Automation\ideaIC-2018.3.6.win\plugins\junit\lib\junit-rt.jar;C:\Users\sonbn2\Desktop\Automation\ideaIC-2018.3.6.win\plugins\junit\lib\junit5-rt.jar;C:\Users\sonbn2\Desktop\Automation\jdk1.8.0_202\jre\lib\charsets.jar;C:\Users\sonbn2\Desktop\Automation\jdk1.8.0_202\jre\lib\ext\cldrdata.jar;C:\Users\sonbn2\Desktop\Automation\jdk1.8.0_202\jre\lib\ext\dnsns.jar;C:\Users\sonbn2\Desktop\Automation\jdk1.8.0_202\jre\lib\ext\localedata.jar;C:\Users\sonbn2\Desktop\Automation\jdk1.8.0_202\jre\lib\ext\nashorn.jar;C:\Users\sonbn2\Desktop\Automation\jdk1.8.0_202\jre\lib\ext\sunec.jar;C:\Users\sonbn2\Desktop\Automation\jdk1.8.0_202\jre\lib\ext\sunjce_provider.jar;C:\Users\sonbn2\Desktop\Automation\jdk1.8.0_202\jre\lib\ext\sunmscapi.jar;C:\Users\sonbn2\Desktop\Automation\jdk1.8.0_202\jre\lib\ext\sunpkcs11.jar;C:\Users\sonbn2\Desktop\Automation\jdk1.8.0_202\jre\lib\ext\zipfs.jar;C:\Users\sonbn2\Desktop\Automation\jdk1.8.0_202\jre\lib\jce.jar;C:\Users\sonbn2\Desktop\Automation\jdk1.8.0_202\jre\lib\jfr.jar;C:\Users\sonbn2\Desktop\Automation\jdk1.8.0_202\jre\lib\jsse.jar;C:\Users\sonbn2\Desktop\Automation\jdk1.8.0_202\jre\lib\management-agent.jar;C:\Users\sonbn2\Desktop\Automation\jdk1.8.0_202\jre\lib\resources.jar;C:\Users\sonbn2\Desktop\Automation\jdk1.8.0_202\jre\lib\rt.jar;C:\Users\sonbn2\Desktop\Automation\WorkSpace\DemoAuto\target\test-classes;C:\Users\sonbn2\Desktop\Automation\WorkSpace\DemoAuto\target\classes;C:\Users\sonbn2\Desktop\Automation\WorkSpace\SerenityFW\target\classes;C:\Users\sonbn2\.m2\repository\net\serenity-bdd\serenity-core\2.3.12\serenity-core-2.3.12.jar;C:\Users\sonbn2\.m2\repository\net\bytebuddy\byte-buddy\1.10.10\byte-buddy-1.10.10.jar;C:\Users\sonbn2\.m2\repository\net\bytebuddy\byte-buddy-agent\1.10.10\byte-buddy-agent-1.10.10.jar;C:\Users\sonbn2\.m2\repository\com\google\guava\guava\25.0-jre\guava-25.0-jre.jar;C:\Users\sonbn2\.m2\r
Launcher Type: SUN_STANDARD

Environment Variables:
PATH=C:\Program Files (x86)\Common Files\Oracle\Java\javapath;C:\Windows\system32;C:\Windows;C:\Windows\System32\Wbem;C:\Windows\System32\WindowsPowerShell\v1.0\;C:\Windows\System32\OpenSSH\;C:\Users\sonbn2\AppData\Local\Microsoft\WindowsApps;C:\Users\sonbn2\Desktop\Automation\jdk1.8.0_202;C:\Users\sonbn2\AppData\Local\Programs\Microsoft VS Code\bin;C:\Users\sonbn2\AppData\Local\Programs\Git\cmd
USERNAME=sonbn2
OS=Windows_NT
PROCESSOR_IDENTIFIER=Intel64 Family 6 Model 142 Stepping 12, GenuineIntel



---------------  S Y S T E M  ---------------

OS: Windows 10.0 , 64 bit Build 18362 (10.0.18362.1110)

CPU:total 8 (initial active 8) (4 cores per cpu, 2 threads per core) family 6 model 142 stepping 12, cmov, cx8, fxsr, mmx, sse, sse2, sse3, ssse3, sse4.1, sse4.2, popcnt, avx, avx2, aes, clmul, erms, 3dnowpref, lzcnt, ht, tsc, tscinvbit, bmi1, bmi2, adx

Memory: 4k page, physical 8222248k(1469916k free), swap 16348712k(8924948k free)

vm_info: Java HotSpot(TM) 64-Bit Server VM (25.202-b08) for windows-amd64 JRE (1.8.0_202-b08), built on Dec 15 2018 19:54:30 by "java_re" with MS VC++ 10.0 (VS2010)

time: Fri Apr 08 17:20:35 2022
timezone: SE Asia Standard Time
elapsed time: 13 seconds (0d 0h 0m 13s)

